[2018-01-30 07:07:09] lumen.ERROR: InvalidArgumentException: A CreateUsersTable class already exists. in /home/rzlrz/lumen-api/vendor/illuminate/database/Migrations/MigrationCreator.php:80
Stack trace:
#0 /home/rzlrz/lumen-api/vendor/illuminate/database/Migrations/MigrationCreator.php(49): Illuminate\Database\Migrations\MigrationCreator->ensureMigrationDoesntAlreadyExist('create_users_ta...')
#1 /home/rzlrz/lumen-api/vendor/illuminate/database/Console/Migrations/MigrateMakeCommand.php(111): Illuminate\Database\Migrations\MigrationCreator->create('create_users_ta...', '/home/rzlrz/lum...', 'users', true)
#2 /home/rzlrz/lumen-api/vendor/illuminate/database/Console/Migrations/MigrateMakeCommand.php(95): Illuminate\Database\Console\Migrations\MigrateMakeCommand->writeMigration('create_users_ta...', 'users', true)
#3 [internal function]: Illuminate\Database\Console\Migrations\MigrateMakeCommand->handle()
#4 /home/rzlrz/lumen-api/vendor/illuminate/container/BoundMethod.php(29): call_user_func_array(Array, Array)
#5 /home/rzlrz/lumen-api/vendor/illuminate/container/BoundMethod.php(87): Illuminate\Container\BoundMethod::Illuminate\Container\{closure}()
#6 /home/rzlrz/lumen-api/vendor/illuminate/container/BoundMethod.php(31): Illuminate\Container\BoundMethod::callBoundMethod(Object(Laravel\Lumen\Application), Array, Object(Closure))
#7 /home/rzlrz/lumen-api/vendor/illuminate/container/Container.php(549): Illuminate\Container\BoundMethod::call(Object(Laravel\Lumen\Application), Array, Array, NULL)
#8 /home/rzlrz/lumen-api/vendor/illuminate/console/Command.php(183): Illuminate\Container\Container->call(Array)
#9 /home/rzlrz/lumen-api/vendor/symfony/console/Command/Command.php(252): Illuminate\Console\Command->execute(Object(Symfony\Component\Console\Input\ArgvInput), Object(Illuminate\Console\OutputStyle))
#10 /home/rzlrz/lumen-api/vendor/illuminate/console/Command.php(170): Symfony\Component\Console\Command\Command->run(Object(Symfony\Component\Console\Input\ArgvInput), Object(Illuminate\Console\OutputStyle))
#11 /home/rzlrz/lumen-api/vendor/symfony/console/Application.php(946): Illuminate\Console\Command->run(Object(Symfony\Component\Console\Input\ArgvInput), Object(Symfony\Component\Console\Output\ConsoleOutput))
#12 /home/rzlrz/lumen-api/vendor/symfony/console/Application.php(248): Symfony\Component\Console\Application->doRunCommand(Object(Illuminate\Database\Console\Migrations\MigrateMakeCommand), Object(Symfony\Component\Console\Input\ArgvInput), Object(Symfony\Component\Console\Output\ConsoleOutput))
#13 /home/rzlrz/lumen-api/vendor/symfony/console/Application.php(148): Symfony\Component\Console\Application->doRun(Object(Symfony\Component\Console\Input\ArgvInput), Object(Symfony\Component\Console\Output\ConsoleOutput))
#14 /home/rzlrz/lumen-api/vendor/illuminate/console/Application.php(88): Symfony\Component\Console\Application->run(Object(Symfony\Component\Console\Input\ArgvInput), Object(Symfony\Component\Console\Output\ConsoleOutput))
#15 /home/rzlrz/lumen-api/vendor/laravel/lumen-framework/src/Console/Kernel.php(84): Illuminate\Console\Application->run(Object(Symfony\Component\Console\Input\ArgvInput), Object(Symfony\Component\Console\Output\ConsoleOutput))
#16 /home/rzlrz/lumen-api/artisan(35): Laravel\Lumen\Console\Kernel->handle(Object(Symfony\Component\Console\Input\ArgvInput), Object(Symfony\Component\Console\Output\ConsoleOutput))
#17 {main}  
[2018-01-30 07:07:21] lumen.ERROR: InvalidArgumentException: A CreateUsersTable class already exists. in /home/rzlrz/lumen-api/vendor/illuminate/database/Migrations/MigrationCreator.php:80
Stack trace:
#0 /home/rzlrz/lumen-api/vendor/illuminate/database/Migrations/MigrationCreator.php(49): Illuminate\Database\Migrations\MigrationCreator->ensureMigrationDoesntAlreadyExist('create_users_ta...')
#1 /home/rzlrz/lumen-api/vendor/illuminate/database/Console/Migrations/MigrateMakeCommand.php(111): Illuminate\Database\Migrations\MigrationCreator->create('create_users_ta...', '/home/rzlrz/lum...', 'users', true)
#2 /home/rzlrz/lumen-api/vendor/illuminate/database/Console/Migrations/MigrateMakeCommand.php(95): Illuminate\Database\Console\Migrations\MigrateMakeCommand->writeMigration('create_users_ta...', 'users', true)
#3 [internal function]: Illuminate\Database\Console\Migrations\MigrateMakeCommand->handle()
#4 /home/rzlrz/lumen-api/vendor/illuminate/container/BoundMethod.php(29): call_user_func_array(Array, Array)
#5 /home/rzlrz/lumen-api/vendor/illuminate/container/BoundMethod.php(87): Illuminate\Container\BoundMethod::Illuminate\Container\{closure}()
#6 /home/rzlrz/lumen-api/vendor/illuminate/container/BoundMethod.php(31): Illuminate\Container\BoundMethod::callBoundMethod(Object(Laravel\Lumen\Application), Array, Object(Closure))
#7 /home/rzlrz/lumen-api/vendor/illuminate/container/Container.php(549): Illuminate\Container\BoundMethod::call(Object(Laravel\Lumen\Application), Array, Array, NULL)
#8 /home/rzlrz/lumen-api/vendor/illuminate/console/Command.php(183): Illuminate\Container\Container->call(Array)
#9 /home/rzlrz/lumen-api/vendor/symfony/console/Command/Command.php(252): Illuminate\Console\Command->execute(Object(Symfony\Component\Console\Input\ArgvInput), Object(Illuminate\Console\OutputStyle))
#10 /home/rzlrz/lumen-api/vendor/illuminate/console/Command.php(170): Symfony\Component\Console\Command\Command->run(Object(Symfony\Component\Console\Input\ArgvInput), Object(Illuminate\Console\OutputStyle))
#11 /home/rzlrz/lumen-api/vendor/symfony/console/Application.php(946): Illuminate\Console\Command->run(Object(Symfony\Component\Console\Input\ArgvInput), Object(Symfony\Component\Console\Output\ConsoleOutput))
#12 /home/rzlrz/lumen-api/vendor/symfony/console/Application.php(248): Symfony\Component\Console\Application->doRunCommand(Object(Illuminate\Database\Console\Migrations\MigrateMakeCommand), Object(Symfony\Component\Console\Input\ArgvInput), Object(Symfony\Component\Console\Output\ConsoleOutput))
#13 /home/rzlrz/lumen-api/vendor/symfony/console/Application.php(148): Symfony\Component\Console\Application->doRun(Object(Symfony\Component\Console\Input\ArgvInput), Object(Symfony\Component\Console\Output\ConsoleOutput))
#14 /home/rzlrz/lumen-api/vendor/illuminate/console/Application.php(88): Symfony\Component\Console\Application->run(Object(Symfony\Component\Console\Input\ArgvInput), Object(Symfony\Component\Console\Output\ConsoleOutput))
#15 /home/rzlrz/lumen-api/vendor/laravel/lumen-framework/src/Console/Kernel.php(84): Illuminate\Console\Application->run(Object(Symfony\Component\Console\Input\ArgvInput), Object(Symfony\Component\Console\Output\ConsoleOutput))
#16 /home/rzlrz/lumen-api/artisan(35): Laravel\Lumen\Console\Kernel->handle(Object(Symfony\Component\Console\Input\ArgvInput), Object(Symfony\Component\Console\Output\ConsoleOutput))
#17 {main}  
[2018-01-30 07:26:13] lumen.ERROR: Symfony\Component\Console\Exception\RuntimeException: Too many arguments, expected arguments "command". in /home/rzlrz/lumen-api/vendor/symfony/console/Input/ArgvInput.php:187
Stack trace:
#0 /home/rzlrz/lumen-api/vendor/symfony/console/Input/ArgvInput.php(86): Symfony\Component\Console\Input\ArgvInput->parseArgument('Pegawai')
#1 /home/rzlrz/lumen-api/vendor/symfony/console/Input/Input.php(55): Symfony\Component\Console\Input\ArgvInput->parse()
#2 /home/rzlrz/lumen-api/vendor/symfony/console/Command/Command.php(210): Symfony\Component\Console\Input\Input->bind(Object(Symfony\Component\Console\Input\InputDefinition))
#3 /home/rzlrz/lumen-api/vendor/illuminate/console/Command.php(170): Symfony\Component\Console\Command\Command->run(Object(Symfony\Component\Console\Input\ArgvInput), Object(Illuminate\Console\OutputStyle))
#4 /home/rzlrz/lumen-api/vendor/symfony/console/Application.php(946): Illuminate\Console\Command->run(Object(Symfony\Component\Console\Input\ArgvInput), Object(Symfony\Component\Console\Output\ConsoleOutput))
#5 /home/rzlrz/lumen-api/vendor/symfony/console/Application.php(248): Symfony\Component\Console\Application->doRunCommand(Object(Illuminate\Database\Console\Migrations\MigrateCommand), Object(Symfony\Component\Console\Input\ArgvInput), Object(Symfony\Component\Console\Output\ConsoleOutput))
#6 /home/rzlrz/lumen-api/vendor/symfony/console/Application.php(148): Symfony\Component\Console\Application->doRun(Object(Symfony\Component\Console\Input\ArgvInput), Object(Symfony\Component\Console\Output\ConsoleOutput))
#7 /home/rzlrz/lumen-api/vendor/illuminate/console/Application.php(88): Symfony\Component\Console\Application->run(Object(Symfony\Component\Console\Input\ArgvInput), Object(Symfony\Component\Console\Output\ConsoleOutput))
#8 /home/rzlrz/lumen-api/vendor/laravel/lumen-framework/src/Console/Kernel.php(84): Illuminate\Console\Application->run(Object(Symfony\Component\Console\Input\ArgvInput), Object(Symfony\Component\Console\Output\ConsoleOutput))
#9 /home/rzlrz/lumen-api/artisan(35): Laravel\Lumen\Console\Kernel->handle(Object(Symfony\Component\Console\Input\ArgvInput), Object(Symfony\Component\Console\Output\ConsoleOutput))
#10 {main}  
[2018-01-30 07:26:45] lumen.ERROR: Symfony\Component\Console\Exception\CommandNotFoundException: Command "make:model" is not defined.

Did you mean one of these?
    make:migration
    make:seeder in /home/rzlrz/lumen-api/vendor/symfony/console/Application.php:618
Stack trace:
#0 /home/rzlrz/lumen-api/vendor/symfony/console/Application.php(229): Symfony\Component\Console\Application->find('make:model')
#1 /home/rzlrz/lumen-api/vendor/symfony/console/Application.php(148): Symfony\Component\Console\Application->doRun(Object(Symfony\Component\Console\Input\ArgvInput), Object(Symfony\Component\Console\Output\ConsoleOutput))
#2 /home/rzlrz/lumen-api/vendor/illuminate/console/Application.php(88): Symfony\Component\Console\Application->run(Object(Symfony\Component\Console\Input\ArgvInput), Object(Symfony\Component\Console\Output\ConsoleOutput))
#3 /home/rzlrz/lumen-api/vendor/laravel/lumen-framework/src/Console/Kernel.php(84): Illuminate\Console\Application->run(Object(Symfony\Component\Console\Input\ArgvInput), Object(Symfony\Component\Console\Output\ConsoleOutput))
#4 /home/rzlrz/lumen-api/artisan(35): Laravel\Lumen\Console\Kernel->handle(Object(Symfony\Component\Console\Input\ArgvInput), Object(Symfony\Component\Console\Output\ConsoleOutput))
#5 {main}  
[2018-01-30 07:32:43] lumen.ERROR: Symfony\Component\Console\Exception\CommandNotFoundException: Command "make:model" is not defined.

Did you mean one of these?
    make:migration
    make:seeder in /home/rzlrz/lumen-api/vendor/symfony/console/Application.php:618
Stack trace:
#0 /home/rzlrz/lumen-api/vendor/symfony/console/Application.php(229): Symfony\Component\Console\Application->find('make:model')
#1 /home/rzlrz/lumen-api/vendor/symfony/console/Application.php(148): Symfony\Component\Console\Application->doRun(Object(Symfony\Component\Console\Input\ArgvInput), Object(Symfony\Component\Console\Output\ConsoleOutput))
#2 /home/rzlrz/lumen-api/vendor/illuminate/console/Application.php(88): Symfony\Component\Console\Application->run(Object(Symfony\Component\Console\Input\ArgvInput), Object(Symfony\Component\Console\Output\ConsoleOutput))
#3 /home/rzlrz/lumen-api/vendor/laravel/lumen-framework/src/Console/Kernel.php(84): Illuminate\Console\Application->run(Object(Symfony\Component\Console\Input\ArgvInput), Object(Symfony\Component\Console\Output\ConsoleOutput))
#4 /home/rzlrz/lumen-api/artisan(35): Laravel\Lumen\Console\Kernel->handle(Object(Symfony\Component\Console\Input\ArgvInput), Object(Symfony\Component\Console\Output\ConsoleOutput))
#5 {main}  
[2018-01-30 07:32:56] lumen.ERROR: Symfony\Component\Console\Exception\CommandNotFoundException: Command "make" is not defined.

Did you mean one of these?
    make:migration
    make:seeder in /home/rzlrz/lumen-api/vendor/symfony/console/Application.php:618
Stack trace:
#0 /home/rzlrz/lumen-api/vendor/symfony/console/Application.php(229): Symfony\Component\Console\Application->find('make')
#1 /home/rzlrz/lumen-api/vendor/symfony/console/Application.php(148): Symfony\Component\Console\Application->doRun(Object(Symfony\Component\Console\Input\ArgvInput), Object(Symfony\Component\Console\Output\ConsoleOutput))
#2 /home/rzlrz/lumen-api/vendor/illuminate/console/Application.php(88): Symfony\Component\Console\Application->run(Object(Symfony\Component\Console\Input\ArgvInput), Object(Symfony\Component\Console\Output\ConsoleOutput))
#3 /home/rzlrz/lumen-api/vendor/laravel/lumen-framework/src/Console/Kernel.php(84): Illuminate\Console\Application->run(Object(Symfony\Component\Console\Input\ArgvInput), Object(Symfony\Component\Console\Output\ConsoleOutput))
#4 /home/rzlrz/lumen-api/artisan(35): Laravel\Lumen\Console\Kernel->handle(Object(Symfony\Component\Console\Input\ArgvInput), Object(Symfony\Component\Console\Output\ConsoleOutput))
#5 {main}  
[2018-01-30 08:16:51] lumen.ERROR: Symfony\Component\Debug\Exception\FatalErrorException: Class 'App\Http\Controllers\Controllers' not found in /home/rzlrz/lumen-api/app/Http/Controllers/PegawaiController.php:8
Stack trace:
#0 /home/rzlrz/lumen-api/vendor/laravel/lumen-framework/src/Concerns/RegistersExceptionHandlers.php(54): Laravel\Lumen\Application->handleShutdown()
#1 [internal function]: Laravel\Lumen\Application->Laravel\Lumen\Concerns\{closure}()
#2 {main}  
[2018-01-30 08:17:28] lumen.ERROR: Symfony\Component\Debug\Exception\FatalErrorException: Class 'App\Http\Controllers\Controllers' not found in /home/rzlrz/lumen-api/app/Http/Controllers/PegawaiController.php:9
Stack trace:
#0 /home/rzlrz/lumen-api/vendor/laravel/lumen-framework/src/Concerns/RegistersExceptionHandlers.php(54): Laravel\Lumen\Application->handleShutdown()
#1 [internal function]: Laravel\Lumen\Application->Laravel\Lumen\Concerns\{closure}()
#2 {main}  
[2018-01-30 08:17:31] lumen.ERROR: Symfony\Component\Debug\Exception\FatalErrorException: Class 'App\Http\Controllers\Controllers' not found in /home/rzlrz/lumen-api/app/Http/Controllers/PegawaiController.php:9
Stack trace:
#0 /home/rzlrz/lumen-api/vendor/laravel/lumen-framework/src/Concerns/RegistersExceptionHandlers.php(54): Laravel\Lumen\Application->handleShutdown()
#1 [internal function]: Laravel\Lumen\Application->Laravel\Lumen\Concerns\{closure}()
#2 {main}  
[2018-01-30 08:17:32] lumen.ERROR: Symfony\Component\Debug\Exception\FatalErrorException: Class 'App\Http\Controllers\Controllers' not found in /home/rzlrz/lumen-api/app/Http/Controllers/PegawaiController.php:9
Stack trace:
#0 /home/rzlrz/lumen-api/vendor/laravel/lumen-framework/src/Concerns/RegistersExceptionHandlers.php(54): Laravel\Lumen\Application->handleShutdown()
#1 [internal function]: Laravel\Lumen\Application->Laravel\Lumen\Concerns\{closure}()
#2 {main}  
[2018-01-30 08:17:33] lumen.ERROR: Symfony\Component\Debug\Exception\FatalErrorException: Class 'App\Http\Controllers\Controllers' not found in /home/rzlrz/lumen-api/app/Http/Controllers/PegawaiController.php:9
Stack trace:
#0 /home/rzlrz/lumen-api/vendor/laravel/lumen-framework/src/Concerns/RegistersExceptionHandlers.php(54): Laravel\Lumen\Application->handleShutdown()
#1 [internal function]: Laravel\Lumen\Application->Laravel\Lumen\Concerns\{closure}()
#2 {main}  
[2018-01-30 08:20:24] lumen.ERROR: ErrorException: Undefined variable: author in /home/rzlrz/lumen-api/app/Http/Controllers/PegawaiController.php:26
Stack trace:
#0 /home/rzlrz/lumen-api/app/Http/Controllers/PegawaiController.php(26): Laravel\Lumen\Application->Laravel\Lumen\Concerns\{closure}(8, 'Undefined varia...', '/home/rzlrz/lum...', 26, Array)
#1 [internal function]: App\Http\Controllers\PegawaiController->create(Object(Illuminate\Http\Request))
#2 /home/rzlrz/lumen-api/vendor/illuminate/container/BoundMethod.php(29): call_user_func_array(Array, Array)
#3 /home/rzlrz/lumen-api/vendor/illuminate/container/BoundMethod.php(87): Illuminate\Container\BoundMethod::Illuminate\Container\{closure}()
#4 /home/rzlrz/lumen-api/vendor/illuminate/container/BoundMethod.php(31): Illuminate\Container\BoundMethod::callBoundMethod(Object(Laravel\Lumen\Application), Array, Object(Closure))
#5 /home/rzlrz/lumen-api/vendor/illuminate/container/Container.php(549): Illuminate\Container\BoundMethod::call(Object(Laravel\Lumen\Application), Array, Array, NULL)
#6 /home/rzlrz/lumen-api/vendor/laravel/lumen-framework/src/Concerns/RoutesRequests.php(373): Illuminate\Container\Container->call(Array, Array)
#7 /home/rzlrz/lumen-api/vendor/laravel/lumen-framework/src/Concerns/RoutesRequests.php(339): Laravel\Lumen\Application->callControllerCallable(Array, Array)
#8 /home/rzlrz/lumen-api/vendor/laravel/lumen-framework/src/Concerns/RoutesRequests.php(313): Laravel\Lumen\Application->callLumenController(Object(App\Http\Controllers\PegawaiController), 'create', Array)
#9 /home/rzlrz/lumen-api/vendor/laravel/lumen-framework/src/Concerns/RoutesRequests.php(275): Laravel\Lumen\Application->callControllerAction(Array)
#10 /home/rzlrz/lumen-api/vendor/laravel/lumen-framework/src/Concerns/RoutesRequests.php(260): Laravel\Lumen\Application->callActionOnArrayBasedRoute(Array)
#11 /home/rzlrz/lumen-api/vendor/laravel/lumen-framework/src/Concerns/RoutesRequests.php(160): Laravel\Lumen\Application->handleFoundRoute(Array)
#12 /home/rzlrz/lumen-api/vendor/laravel/lumen-framework/src/Concerns/RoutesRequests.php(413): Laravel\Lumen\Application->Laravel\Lumen\Concerns\{closure}()
#13 /home/rzlrz/lumen-api/vendor/laravel/lumen-framework/src/Concerns/RoutesRequests.php(166): Laravel\Lumen\Application->sendThroughPipeline(Array, Object(Closure))
#14 /home/rzlrz/lumen-api/vendor/laravel/lumen-framework/src/Concerns/RoutesRequests.php(107): Laravel\Lumen\Application->dispatch(NULL)
#15 /home/rzlrz/lumen-api/public/index.php(28): Laravel\Lumen\Application->run()
#16 {main}  
[2018-01-30 08:21:16] lumen.ERROR: PDOException: SQLSTATE[23000]: Integrity constraint violation: 1062 Duplicate entry 'rizal@gmail.com' for key 'pegawais_email_unique' in /home/rzlrz/lumen-api/vendor/illuminate/database/Connection.php:458
Stack trace:
#0 /home/rzlrz/lumen-api/vendor/illuminate/database/Connection.php(458): PDOStatement->execute()
#1 /home/rzlrz/lumen-api/vendor/illuminate/database/Connection.php(657): Illuminate\Database\Connection->Illuminate\Database\{closure}('insert into `pe...', Array)
#2 /home/rzlrz/lumen-api/vendor/illuminate/database/Connection.php(624): Illuminate\Database\Connection->runQueryCallback('insert into `pe...', Array, Object(Closure))
#3 /home/rzlrz/lumen-api/vendor/illuminate/database/Connection.php(459): Illuminate\Database\Connection->run('insert into `pe...', Array, Object(Closure))
#4 /home/rzlrz/lumen-api/vendor/illuminate/database/Connection.php(411): Illuminate\Database\Connection->statement('insert into `pe...', Array)
#5 /home/rzlrz/lumen-api/vendor/illuminate/database/Query/Processors/Processor.php(32): Illuminate\Database\Connection->insert('insert into `pe...', Array)
#6 /home/rzlrz/lumen-api/vendor/illuminate/database/Query/Builder.php(2137): Illuminate\Database\Query\Processors\Processor->processInsertGetId(Object(Illuminate\Database\Query\Builder), 'insert into `pe...', Array, 'id')
#7 /home/rzlrz/lumen-api/vendor/illuminate/database/Eloquent/Builder.php(1270): Illuminate\Database\Query\Builder->insertGetId(Array, 'id')
#8 /home/rzlrz/lumen-api/vendor/illuminate/database/Eloquent/Model.php(707): Illuminate\Database\Eloquent\Builder->__call('insertGetId', Array)
#9 /home/rzlrz/lumen-api/vendor/illuminate/database/Eloquent/Model.php(672): Illuminate\Database\Eloquent\Model->insertAndSetId(Object(Illuminate\Database\Eloquent\Builder), Array)
#10 /home/rzlrz/lumen-api/vendor/illuminate/database/Eloquent/Model.php(535): Illuminate\Database\Eloquent\Model->performInsert(Object(Illuminate\Database\Eloquent\Builder))
#11 /home/rzlrz/lumen-api/vendor/illuminate/database/Eloquent/Builder.php(753): Illuminate\Database\Eloquent\Model->save()
#12 /home/rzlrz/lumen-api/vendor/illuminate/support/helpers.php(1035): Illuminate\Database\Eloquent\Builder->Illuminate\Database\Eloquent\{closure}(Object(App\Pegawai))
#13 /home/rzlrz/lumen-api/vendor/illuminate/database/Eloquent/Builder.php(754): tap(Object(App\Pegawai), Object(Closure))
#14 /home/rzlrz/lumen-api/vendor/illuminate/database/Eloquent/Model.php(1455): Illuminate\Database\Eloquent\Builder->create(Array)
#15 /home/rzlrz/lumen-api/vendor/illuminate/database/Eloquent/Model.php(1467): Illuminate\Database\Eloquent\Model->__call('create', Array)
#16 /home/rzlrz/lumen-api/app/Http/Controllers/PegawaiController.php(25): Illuminate\Database\Eloquent\Model::__callStatic('create', Array)
#17 [internal function]: App\Http\Controllers\PegawaiController->create(Object(Illuminate\Http\Request))
#18 /home/rzlrz/lumen-api/vendor/illuminate/container/BoundMethod.php(29): call_user_func_array(Array, Array)
#19 /home/rzlrz/lumen-api/vendor/illuminate/container/BoundMethod.php(87): Illuminate\Container\BoundMethod::Illuminate\Container\{closure}()
#20 /home/rzlrz/lumen-api/vendor/illuminate/container/BoundMethod.php(31): Illuminate\Container\BoundMethod::callBoundMethod(Object(Laravel\Lumen\Application), Array, Object(Closure))
#21 /home/rzlrz/lumen-api/vendor/illuminate/container/Container.php(549): Illuminate\Container\BoundMethod::call(Object(Laravel\Lumen\Application), Array, Array, NULL)
#22 /home/rzlrz/lumen-api/vendor/laravel/lumen-framework/src/Concerns/RoutesRequests.php(373): Illuminate\Container\Container->call(Array, Array)
#23 /home/rzlrz/lumen-api/vendor/laravel/lumen-framework/src/Concerns/RoutesRequests.php(339): Laravel\Lumen\Application->callControllerCallable(Array, Array)
#24 /home/rzlrz/lumen-api/vendor/laravel/lumen-framework/src/Concerns/RoutesRequests.php(313): Laravel\Lumen\Application->callLumenController(Object(App\Http\Controllers\PegawaiController), 'create', Array)
#25 /home/rzlrz/lumen-api/vendor/laravel/lumen-framework/src/Concerns/RoutesRequests.php(275): Laravel\Lumen\Application->callControllerAction(Array)
#26 /home/rzlrz/lumen-api/vendor/laravel/lumen-framework/src/Concerns/RoutesRequests.php(260): Laravel\Lumen\Application->callActionOnArrayBasedRoute(Array)
#27 /home/rzlrz/lumen-api/vendor/laravel/lumen-framework/src/Concerns/RoutesRequests.php(160): Laravel\Lumen\Application->handleFoundRoute(Array)
#28 /home/rzlrz/lumen-api/vendor/laravel/lumen-framework/src/Concerns/RoutesRequests.php(413): Laravel\Lumen\Application->Laravel\Lumen\Concerns\{closure}()
#29 /home/rzlrz/lumen-api/vendor/laravel/lumen-framework/src/Concerns/RoutesRequests.php(166): Laravel\Lumen\Application->sendThroughPipeline(Array, Object(Closure))
#30 /home/rzlrz/lumen-api/vendor/laravel/lumen-framework/src/Concerns/RoutesRequests.php(107): Laravel\Lumen\Application->dispatch(NULL)
#31 /home/rzlrz/lumen-api/public/index.php(28): Laravel\Lumen\Application->run()
#32 {main}

Next Illuminate\Database\QueryException: SQLSTATE[23000]: Integrity constraint violation: 1062 Duplicate entry 'rizal@gmail.com' for key 'pegawais_email_unique' (SQL: insert into `pegawais` (`nama`, `nip`, `alamat`, `hp`, `email`, `updated_at`, `created_at`) values (Rizal, 123, Tasikmalaya, 085123123123, rizal@gmail.com, 2018-01-30 08:21:16, 2018-01-30 08:21:16)) in /home/rzlrz/lumen-api/vendor/illuminate/database/Connection.php:664
Stack trace:
#0 /home/rzlrz/lumen-api/vendor/illuminate/database/Connection.php(624): Illuminate\Database\Connection->runQueryCallback('insert into `pe...', Array, Object(Closure))
#1 /home/rzlrz/lumen-api/vendor/illuminate/database/Connection.php(459): Illuminate\Database\Connection->run('insert into `pe...', Array, Object(Closure))
#2 /home/rzlrz/lumen-api/vendor/illuminate/database/Connection.php(411): Illuminate\Database\Connection->statement('insert into `pe...', Array)
#3 /home/rzlrz/lumen-api/vendor/illuminate/database/Query/Processors/Processor.php(32): Illuminate\Database\Connection->insert('insert into `pe...', Array)
#4 /home/rzlrz/lumen-api/vendor/illuminate/database/Query/Builder.php(2137): Illuminate\Database\Query\Processors\Processor->processInsertGetId(Object(Illuminate\Database\Query\Builder), 'insert into `pe...', Array, 'id')
#5 /home/rzlrz/lumen-api/vendor/illuminate/database/Eloquent/Builder.php(1270): Illuminate\Database\Query\Builder->insertGetId(Array, 'id')
#6 /home/rzlrz/lumen-api/vendor/illuminate/database/Eloquent/Model.php(707): Illuminate\Database\Eloquent\Builder->__call('insertGetId', Array)
#7 /home/rzlrz/lumen-api/vendor/illuminate/database/Eloquent/Model.php(672): Illuminate\Database\Eloquent\Model->insertAndSetId(Object(Illuminate\Database\Eloquent\Builder), Array)
#8 /home/rzlrz/lumen-api/vendor/illuminate/database/Eloquent/Model.php(535): Illuminate\Database\Eloquent\Model->performInsert(Object(Illuminate\Database\Eloquent\Builder))
#9 /home/rzlrz/lumen-api/vendor/illuminate/database/Eloquent/Builder.php(753): Illuminate\Database\Eloquent\Model->save()
#10 /home/rzlrz/lumen-api/vendor/illuminate/support/helpers.php(1035): Illuminate\Database\Eloquent\Builder->Illuminate\Database\Eloquent\{closure}(Object(App\Pegawai))
#11 /home/rzlrz/lumen-api/vendor/illuminate/database/Eloquent/Builder.php(754): tap(Object(App\Pegawai), Object(Closure))
#12 /home/rzlrz/lumen-api/vendor/illuminate/database/Eloquent/Model.php(1455): Illuminate\Database\Eloquent\Builder->create(Array)
#13 /home/rzlrz/lumen-api/vendor/illuminate/database/Eloquent/Model.php(1467): Illuminate\Database\Eloquent\Model->__call('create', Array)
#14 /home/rzlrz/lumen-api/app/Http/Controllers/PegawaiController.php(25): Illuminate\Database\Eloquent\Model::__callStatic('create', Array)
#15 [internal function]: App\Http\Controllers\PegawaiController->create(Object(Illuminate\Http\Request))
#16 /home/rzlrz/lumen-api/vendor/illuminate/container/BoundMethod.php(29): call_user_func_array(Array, Array)
#17 /home/rzlrz/lumen-api/vendor/illuminate/container/BoundMethod.php(87): Illuminate\Container\BoundMethod::Illuminate\Container\{closure}()
#18 /home/rzlrz/lumen-api/vendor/illuminate/container/BoundMethod.php(31): Illuminate\Container\BoundMethod::callBoundMethod(Object(Laravel\Lumen\Application), Array, Object(Closure))
#19 /home/rzlrz/lumen-api/vendor/illuminate/container/Container.php(549): Illuminate\Container\BoundMethod::call(Object(Laravel\Lumen\Application), Array, Array, NULL)
#20 /home/rzlrz/lumen-api/vendor/laravel/lumen-framework/src/Concerns/RoutesRequests.php(373): Illuminate\Container\Container->call(Array, Array)
#21 /home/rzlrz/lumen-api/vendor/laravel/lumen-framework/src/Concerns/RoutesRequests.php(339): Laravel\Lumen\Application->callControllerCallable(Array, Array)
#22 /home/rzlrz/lumen-api/vendor/laravel/lumen-framework/src/Concerns/RoutesRequests.php(313): Laravel\Lumen\Application->callLumenController(Object(App\Http\Controllers\PegawaiController), 'create', Array)
#23 /home/rzlrz/lumen-api/vendor/laravel/lumen-framework/src/Concerns/RoutesRequests.php(275): Laravel\Lumen\Application->callControllerAction(Array)
#24 /home/rzlrz/lumen-api/vendor/laravel/lumen-framework/src/Concerns/RoutesRequests.php(260): Laravel\Lumen\Application->callActionOnArrayBasedRoute(Array)
#25 /home/rzlrz/lumen-api/vendor/laravel/lumen-framework/src/Concerns/RoutesRequests.php(160): Laravel\Lumen\Application->handleFoundRoute(Array)
#26 /home/rzlrz/lumen-api/vendor/laravel/lumen-framework/src/Concerns/RoutesRequests.php(413): Laravel\Lumen\Application->Laravel\Lumen\Concerns\{closure}()
#27 /home/rzlrz/lumen-api/vendor/laravel/lumen-framework/src/Concerns/RoutesRequests.php(166): Laravel\Lumen\Application->sendThroughPipeline(Array, Object(Closure))
#28 /home/rzlrz/lumen-api/vendor/laravel/lumen-framework/src/Concerns/RoutesRequests.php(107): Laravel\Lumen\Application->dispatch(NULL)
#29 /home/rzlrz/lumen-api/public/index.php(28): Laravel\Lumen\Application->run()
#30 {main}  
[2018-01-31 17:17:56] lumen.ERROR: PDOException: SQLSTATE[23000]: Integrity constraint violation: 1062 Duplicate entry 'rizalrezamaulana.rrm@gmail.com' for key 'pegawais_email_unique' in /home/rzlrz/lumen-api/vendor/illuminate/database/Connection.php:458
Stack trace:
#0 /home/rzlrz/lumen-api/vendor/illuminate/database/Connection.php(458): PDOStatement->execute()
#1 /home/rzlrz/lumen-api/vendor/illuminate/database/Connection.php(657): Illuminate\Database\Connection->Illuminate\Database\{closure}('insert into `pe...', Array)
#2 /home/rzlrz/lumen-api/vendor/illuminate/database/Connection.php(624): Illuminate\Database\Connection->runQueryCallback('insert into `pe...', Array, Object(Closure))
#3 /home/rzlrz/lumen-api/vendor/illuminate/database/Connection.php(459): Illuminate\Database\Connection->run('insert into `pe...', Array, Object(Closure))
#4 /home/rzlrz/lumen-api/vendor/illuminate/database/Connection.php(411): Illuminate\Database\Connection->statement('insert into `pe...', Array)
#5 /home/rzlrz/lumen-api/vendor/illuminate/database/Query/Processors/Processor.php(32): Illuminate\Database\Connection->insert('insert into `pe...', Array)
#6 /home/rzlrz/lumen-api/vendor/illuminate/database/Query/Builder.php(2137): Illuminate\Database\Query\Processors\Processor->processInsertGetId(Object(Illuminate\Database\Query\Builder), 'insert into `pe...', Array, 'id')
#7 /home/rzlrz/lumen-api/vendor/illuminate/database/Eloquent/Builder.php(1270): Illuminate\Database\Query\Builder->insertGetId(Array, 'id')
#8 /home/rzlrz/lumen-api/vendor/illuminate/database/Eloquent/Model.php(707): Illuminate\Database\Eloquent\Builder->__call('insertGetId', Array)
#9 /home/rzlrz/lumen-api/vendor/illuminate/database/Eloquent/Model.php(672): Illuminate\Database\Eloquent\Model->insertAndSetId(Object(Illuminate\Database\Eloquent\Builder), Array)
#10 /home/rzlrz/lumen-api/vendor/illuminate/database/Eloquent/Model.php(535): Illuminate\Database\Eloquent\Model->performInsert(Object(Illuminate\Database\Eloquent\Builder))
#11 /home/rzlrz/lumen-api/vendor/illuminate/database/Eloquent/Builder.php(753): Illuminate\Database\Eloquent\Model->save()
#12 /home/rzlrz/lumen-api/vendor/illuminate/support/helpers.php(1035): Illuminate\Database\Eloquent\Builder->Illuminate\Database\Eloquent\{closure}(Object(App\Pegawai))
#13 /home/rzlrz/lumen-api/vendor/illuminate/database/Eloquent/Builder.php(754): tap(Object(App\Pegawai), Object(Closure))
#14 /home/rzlrz/lumen-api/vendor/illuminate/database/Eloquent/Model.php(1455): Illuminate\Database\Eloquent\Builder->create(Array)
#15 /home/rzlrz/lumen-api/vendor/illuminate/database/Eloquent/Model.php(1467): Illuminate\Database\Eloquent\Model->__call('create', Array)
#16 /home/rzlrz/lumen-api/app/Http/Controllers/PegawaiController.php(25): Illuminate\Database\Eloquent\Model::__callStatic('create', Array)
#17 [internal function]: App\Http\Controllers\PegawaiController->create(Object(Illuminate\Http\Request))
#18 /home/rzlrz/lumen-api/vendor/illuminate/container/BoundMethod.php(29): call_user_func_array(Array, Array)
#19 /home/rzlrz/lumen-api/vendor/illuminate/container/BoundMethod.php(87): Illuminate\Container\BoundMethod::Illuminate\Container\{closure}()
#20 /home/rzlrz/lumen-api/vendor/illuminate/container/BoundMethod.php(31): Illuminate\Container\BoundMethod::callBoundMethod(Object(Laravel\Lumen\Application), Array, Object(Closure))
#21 /home/rzlrz/lumen-api/vendor/illuminate/container/Container.php(549): Illuminate\Container\BoundMethod::call(Object(Laravel\Lumen\Application), Array, Array, NULL)
#22 /home/rzlrz/lumen-api/vendor/laravel/lumen-framework/src/Concerns/RoutesRequests.php(373): Illuminate\Container\Container->call(Array, Array)
#23 /home/rzlrz/lumen-api/vendor/laravel/lumen-framework/src/Concerns/RoutesRequests.php(339): Laravel\Lumen\Application->callControllerCallable(Array, Array)
#24 /home/rzlrz/lumen-api/vendor/laravel/lumen-framework/src/Concerns/RoutesRequests.php(313): Laravel\Lumen\Application->callLumenController(Object(App\Http\Controllers\PegawaiController), 'create', Array)
#25 /home/rzlrz/lumen-api/vendor/laravel/lumen-framework/src/Concerns/RoutesRequests.php(275): Laravel\Lumen\Application->callControllerAction(Array)
#26 /home/rzlrz/lumen-api/vendor/laravel/lumen-framework/src/Concerns/RoutesRequests.php(260): Laravel\Lumen\Application->callActionOnArrayBasedRoute(Array)
#27 /home/rzlrz/lumen-api/vendor/laravel/lumen-framework/src/Concerns/RoutesRequests.php(160): Laravel\Lumen\Application->handleFoundRoute(Array)
#28 /home/rzlrz/lumen-api/vendor/laravel/lumen-framework/src/Concerns/RoutesRequests.php(413): Laravel\Lumen\Application->Laravel\Lumen\Concerns\{closure}()
#29 /home/rzlrz/lumen-api/vendor/laravel/lumen-framework/src/Concerns/RoutesRequests.php(166): Laravel\Lumen\Application->sendThroughPipeline(Array, Object(Closure))
#30 /home/rzlrz/lumen-api/vendor/laravel/lumen-framework/src/Concerns/RoutesRequests.php(107): Laravel\Lumen\Application->dispatch(NULL)
#31 /home/rzlrz/lumen-api/public/index.php(28): Laravel\Lumen\Application->run()
#32 {main}

Next Illuminate\Database\QueryException: SQLSTATE[23000]: Integrity constraint violation: 1062 Duplicate entry 'rizalrezamaulana.rrm@gmail.com' for key 'pegawais_email_unique' (SQL: insert into `pegawais` (`nama`, `nip`, `alamat`, `hp`, `email`, `updated_at`, `created_at`) values (Tes, 333, Aaa, 6289123123123, rizalrezamaulana.rrm@gmail.com, 2018-01-31 17:17:55, 2018-01-31 17:17:55)) in /home/rzlrz/lumen-api/vendor/illuminate/database/Connection.php:664
Stack trace:
#0 /home/rzlrz/lumen-api/vendor/illuminate/database/Connection.php(624): Illuminate\Database\Connection->runQueryCallback('insert into `pe...', Array, Object(Closure))
#1 /home/rzlrz/lumen-api/vendor/illuminate/database/Connection.php(459): Illuminate\Database\Connection->run('insert into `pe...', Array, Object(Closure))
#2 /home/rzlrz/lumen-api/vendor/illuminate/database/Connection.php(411): Illuminate\Database\Connection->statement('insert into `pe...', Array)
#3 /home/rzlrz/lumen-api/vendor/illuminate/database/Query/Processors/Processor.php(32): Illuminate\Database\Connection->insert('insert into `pe...', Array)
#4 /home/rzlrz/lumen-api/vendor/illuminate/database/Query/Builder.php(2137): Illuminate\Database\Query\Processors\Processor->processInsertGetId(Object(Illuminate\Database\Query\Builder), 'insert into `pe...', Array, 'id')
#5 /home/rzlrz/lumen-api/vendor/illuminate/database/Eloquent/Builder.php(1270): Illuminate\Database\Query\Builder->insertGetId(Array, 'id')
#6 /home/rzlrz/lumen-api/vendor/illuminate/database/Eloquent/Model.php(707): Illuminate\Database\Eloquent\Builder->__call('insertGetId', Array)
#7 /home/rzlrz/lumen-api/vendor/illuminate/database/Eloquent/Model.php(672): Illuminate\Database\Eloquent\Model->insertAndSetId(Object(Illuminate\Database\Eloquent\Builder), Array)
#8 /home/rzlrz/lumen-api/vendor/illuminate/database/Eloquent/Model.php(535): Illuminate\Database\Eloquent\Model->performInsert(Object(Illuminate\Database\Eloquent\Builder))
#9 /home/rzlrz/lumen-api/vendor/illuminate/database/Eloquent/Builder.php(753): Illuminate\Database\Eloquent\Model->save()
#10 /home/rzlrz/lumen-api/vendor/illuminate/support/helpers.php(1035): Illuminate\Database\Eloquent\Builder->Illuminate\Database\Eloquent\{closure}(Object(App\Pegawai))
#11 /home/rzlrz/lumen-api/vendor/illuminate/database/Eloquent/Builder.php(754): tap(Object(App\Pegawai), Object(Closure))
#12 /home/rzlrz/lumen-api/vendor/illuminate/database/Eloquent/Model.php(1455): Illuminate\Database\Eloquent\Builder->create(Array)
#13 /home/rzlrz/lumen-api/vendor/illuminate/database/Eloquent/Model.php(1467): Illuminate\Database\Eloquent\Model->__call('create', Array)
#14 /home/rzlrz/lumen-api/app/Http/Controllers/PegawaiController.php(25): Illuminate\Database\Eloquent\Model::__callStatic('create', Array)
#15 [internal function]: App\Http\Controllers\PegawaiController->create(Object(Illuminate\Http\Request))
#16 /home/rzlrz/lumen-api/vendor/illuminate/container/BoundMethod.php(29): call_user_func_array(Array, Array)
#17 /home/rzlrz/lumen-api/vendor/illuminate/container/BoundMethod.php(87): Illuminate\Container\BoundMethod::Illuminate\Container\{closure}()
#18 /home/rzlrz/lumen-api/vendor/illuminate/container/BoundMethod.php(31): Illuminate\Container\BoundMethod::callBoundMethod(Object(Laravel\Lumen\Application), Array, Object(Closure))
#19 /home/rzlrz/lumen-api/vendor/illuminate/container/Container.php(549): Illuminate\Container\BoundMethod::call(Object(Laravel\Lumen\Application), Array, Array, NULL)
#20 /home/rzlrz/lumen-api/vendor/laravel/lumen-framework/src/Concerns/RoutesRequests.php(373): Illuminate\Container\Container->call(Array, Array)
#21 /home/rzlrz/lumen-api/vendor/laravel/lumen-framework/src/Concerns/RoutesRequests.php(339): Laravel\Lumen\Application->callControllerCallable(Array, Array)
#22 /home/rzlrz/lumen-api/vendor/laravel/lumen-framework/src/Concerns/RoutesRequests.php(313): Laravel\Lumen\Application->callLumenController(Object(App\Http\Controllers\PegawaiController), 'create', Array)
#23 /home/rzlrz/lumen-api/vendor/laravel/lumen-framework/src/Concerns/RoutesRequests.php(275): Laravel\Lumen\Application->callControllerAction(Array)
#24 /home/rzlrz/lumen-api/vendor/laravel/lumen-framework/src/Concerns/RoutesRequests.php(260): Laravel\Lumen\Application->callActionOnArrayBasedRoute(Array)
#25 /home/rzlrz/lumen-api/vendor/laravel/lumen-framework/src/Concerns/RoutesRequests.php(160): Laravel\Lumen\Application->handleFoundRoute(Array)
#26 /home/rzlrz/lumen-api/vendor/laravel/lumen-framework/src/Concerns/RoutesRequests.php(413): Laravel\Lumen\Application->Laravel\Lumen\Concerns\{closure}()
#27 /home/rzlrz/lumen-api/vendor/laravel/lumen-framework/src/Concerns/RoutesRequests.php(166): Laravel\Lumen\Application->sendThroughPipeline(Array, Object(Closure))
#28 /home/rzlrz/lumen-api/vendor/laravel/lumen-framework/src/Concerns/RoutesRequests.php(107): Laravel\Lumen\Application->dispatch(NULL)
#29 /home/rzlrz/lumen-api/public/index.php(28): Laravel\Lumen\Application->run()
#30 {main}  
